<?xml version="1.0" encoding="UTF-8"?>
<!-- Generated by org.testng.reporters.JUnitReportReporter -->
<testsuite skipped="0" hostname="sourceandroid" name="com.qa.tests.DashboardTest" tests="3" failures="0" timestamp="18 Jun 2019 15:17:32 GMT" time="256.432" errors="0">
  <testcase name="verifyEditBtn" time="77.561" classname="com.qa.tests.DashboardTest"/>
  <testcase name="verifyMyTradeLink" time="83.541" classname="com.qa.tests.DashboardTest"/>
  <testcase name="verifyTradeInYourCar" time="95.330" classname="com.qa.tests.DashboardTest"/>
</testsuite> <!-- com.qa.tests.DashboardTest -->
