<?xml version="1.0" encoding="UTF-8"?>
<!-- Generated by org.testng.reporters.JUnitReportReporter -->
<testsuite skipped="0" hostname="sourceandroid" name="com.qa.tests.AddCarDetailTest" tests="1" failures="0" timestamp="14 Jun 2019 08:51:14 GMT" time="57.868" errors="0">
  <testcase name="verifyDashboardLink" time="57.868" classname="com.qa.tests.AddCarDetailTest"/>
</testsuite> <!-- com.qa.tests.AddCarDetailTest -->
