<?xml version="1.0" encoding="UTF-8"?>
<!-- Generated by org.testng.reporters.JUnitReportReporter -->
<testsuite skipped="0" hostname="sourceandroid" name="com.qa.tests.HomeTest" tests="2" failures="0" timestamp="04 Jun 2019 11:02:02 GMT" time="38.680" errors="0">
  <testcase name="virfySellYourCarLink" time="19.021" classname="com.qa.tests.HomeTest"/>
  <testcase name="verifyLogin" time="19.659" classname="com.qa.tests.HomeTest"/>
</testsuite> <!-- com.qa.tests.HomeTest -->
