<?xml version="1.0" encoding="UTF-8"?>
<!-- Generated by org.testng.reporters.JUnitReportReporter -->
<testsuite skipped="0" hostname="sourceandroid" name="com.qa.tests.AddCarTest" tests="1" failures="0" timestamp="12 Jun 2019 15:01:06 GMT" time="54.498" errors="0">
  <testcase name="verifyProceedBtn" time="54.498" classname="com.qa.tests.AddCarTest"/>
</testsuite> <!-- com.qa.tests.AddCarTest -->
