<?xml version="1.0" encoding="UTF-8"?>
<!-- Generated by org.testng.reporters.JUnitReportReporter -->
<testsuite skipped="0" hostname="sourceandroid" name="com.qa.tests.HomeTest" tests="3" failures="0" timestamp="04 Jun 2019 12:53:38 GMT" time="71.857" errors="0">
  <testcase name="verifyHomePageTitle" time="30.252" classname="com.qa.tests.HomeTest"/>
  <testcase name="virfySellYourCarLink" time="17.472" classname="com.qa.tests.HomeTest"/>
  <testcase name="verifyLogin" time="24.133" classname="com.qa.tests.HomeTest"/>
</testsuite> <!-- com.qa.tests.HomeTest -->
