<?xml version="1.0" encoding="UTF-8"?>
<!-- Generated by org.testng.reporters.JUnitReportReporter -->
<testsuite skipped="0" hostname="sourceandroid" name="com.qa.tests.LoginTest" tests="3" failures="0" timestamp="04 Jun 2019 11:02:02 GMT" time="60.248" errors="0">
  <testcase name="verifyLoginPageTitle" time="20.497" classname="com.qa.tests.LoginTest"/>
  <testcase name="verifyLoginLink" time="16.757" classname="com.qa.tests.LoginTest"/>
  <testcase name="verifyLogin" time="22.994" classname="com.qa.tests.LoginTest"/>
</testsuite> <!-- com.qa.tests.LoginTest -->
