<?xml version="1.0" encoding="UTF-8"?>
<!-- Generated by org.testng.reporters.JUnitReportReporter -->
<testsuite skipped="0" hostname="sourceandroid" name="com.qa.tests.DashboardTest" tests="1" failures="0" timestamp="17 Jun 2019 15:21:23 GMT" time="69.065" errors="0">
  <testcase name="verifyEditBtn" time="69.065" classname="com.qa.tests.DashboardTest"/>
</testsuite> <!-- com.qa.tests.DashboardTest -->
