<?xml version="1.0" encoding="UTF-8"?>
<!-- Generated by org.testng.reporters.JUnitReportReporter -->
<testsuite skipped="0" hostname="sourceandroid" name="com.qa.tests.AddCarTest" tests="1" failures="0" timestamp="14 Jun 2019 07:36:38 GMT" time="56.997" errors="0">
  <testcase name="verifyProceedBtn" time="56.997" classname="com.qa.tests.AddCarTest"/>
</testsuite> <!-- com.qa.tests.AddCarTest -->
