<?xml version="1.0" encoding="UTF-8"?>
<!-- Generated by org.testng.reporters.JUnitReportReporter -->
<testsuite skipped="0" hostname="sourceandroid" name="com.qa.tests.LoginTest" tests="3" failures="0" timestamp="28 Jun 2019 10:13:14 GMT" time="60.763" errors="0">
  <testcase name="verifyLoginPageTitle" time="14.114" classname="com.qa.tests.LoginTest"/>
  <testcase name="verifyLoginLink" time="18.581" classname="com.qa.tests.LoginTest"/>
  <testcase name="verifyLogin" time="28.068" classname="com.qa.tests.LoginTest"/>
</testsuite> <!-- com.qa.tests.LoginTest -->
